{            ->   (-1, -1)       
declare      ->   (-1, -1)       
id           ->   (97, 0)        
:            ->   (-1, -1)       
int          ->   (-1, -1)       
;            ->   (-1, -1)       
declare      ->   (-1, -1)       
id           ->   (18, 0)        
:            ->   (-1, -1)       
array        ->   (-1, -1)       
(            ->   (-1, -1)       
string       ->   (-1, -1)       
)            ->   (-1, -1)       
;            ->   (-1, -1)       
id           ->   (97, 0)        
<-           ->   (-1, -1)       
constant     ->   (50, 0)        
*            ->   (-1, -1)       
constant     ->   (51, 0)        
;            ->   (-1, -1)       
read         ->   (-1, -1)       
(            ->   (-1, -1)       
id           ->   (18, 0)        
)            ->   (-1, -1)       
;            ->   (-1, -1)       
write        ->   (-1, -1)       
(            ->   (-1, -1)       
constant     ->   (53, 0)        
)            ->   (-1, -1)       
;            ->   (-1, -1)       
for          ->   (-1, -1)       
id           ->   (5, 0)         
from         ->   (-1, -1)       
(            ->   (-1, -1)       
constant     ->   (49, 0)        
,            ->   (-1, -1)       
constant     ->   (53, 0)        
,            ->   (-1, -1)       
constant     ->   (49, 0)        
)            ->   (-1, -1)       
{            ->   (-1, -1)       
if           ->   (-1, -1)       
id           ->   (5, 0)         
<=           ->   (-1, -1)       
id           ->   (97, 0)        
{            ->   (-1, -1)       
id           ->   (18, 0)        
<-           ->   (-1, -1)       
constant     ->   (99, 0)        
*            ->   (-1, -1)       
constant     ->   (53, 0)        
/            ->   (-1, -1)       
id           ->   (97, 0)        
+            ->   (-1, -1)       
id           ->   (97, 0)        
;            ->   (-1, -1)       
}            ->   (-1, -1)       
;            ->   (-1, -1)       
}            ->   (-1, -1)       
;            ->   (-1, -1)       
}            ->   (-1, -1)       